<?xml version="1.0" encoding="UTF-8"?>
<testng-results skipped="0" failed="0" total="1" passed="1">
  <reporter-output>
  </reporter-output>
  <suite name="Suite" duration-ms="36064" started-at="2023-08-01T09:05:36Z" finished-at="2023-08-01T09:06:12Z">
    <groups>
    </groups>
    <test name="Test" duration-ms="36064" started-at="2023-08-01T09:05:36Z" finished-at="2023-08-01T09:06:12Z">
      <class name="logExampleTestNG.NOPCommApp">
        <test-method status="PASS" signature="launchApp()[pri:0, instance:logExampleTestNG.NOPCommApp@11758f2a]" name="launchApp" is-config="true" duration-ms="10262" started-at="2023-08-01T14:35:36Z" finished-at="2023-08-01T14:35:46Z">
          <reporter-output>
          </reporter-output>
        </test-method> <!-- launchApp -->
        <test-method status="PASS" signature="verifyLoginTest()[pri:0, instance:logExampleTestNG.NOPCommApp@11758f2a]" name="verifyLoginTest" duration-ms="20566" started-at="2023-08-01T14:35:46Z" finished-at="2023-08-01T14:36:07Z">
          <reporter-output>
          </reporter-output>
        </test-method> <!-- verifyLoginTest -->
        <test-method status="PASS" signature="closingApp()[pri:0, instance:logExampleTestNG.NOPCommApp@11758f2a]" name="closingApp" is-config="true" duration-ms="5223" started-at="2023-08-01T14:36:07Z" finished-at="2023-08-01T14:36:12Z">
          <reporter-output>
          </reporter-output>
        </test-method> <!-- closingApp -->
      </class> <!-- logExampleTestNG.NOPCommApp -->
    </test> <!-- Test -->
  </suite> <!-- Suite -->
</testng-results>
