<?xml version="1.0" encoding="UTF-8"?>
<testng-results total="1" passed="1" failed="0" skipped="0">
  <reporter-output>
  </reporter-output>
  <suite started-at="2023-07-29T02:37:03Z" name="Default suite" finished-at="2023-07-29T02:37:15Z" duration-ms="11166">
    <groups>
    </groups>
    <test started-at="2023-07-29T02:37:03Z" name="Default test" finished-at="2023-07-29T02:37:15Z" duration-ms="11166">
      <class name="testScripts.DatePickerTests_Function">
        <test-method signature="turkishAirlinesDatePicker()[pri:0, instance:testScripts.DatePickerTests_Function@8e50104]" started-at="2023-07-29T08:07:03Z" name="turkishAirlinesDatePicker" finished-at="2023-07-29T08:07:15Z" duration-ms="11155" status="PASS">
          <reporter-output>
          </reporter-output>
        </test-method> <!-- turkishAirlinesDatePicker -->
      </class> <!-- testScripts.DatePickerTests_Function -->
    </test> <!-- Default test -->
  </suite> <!-- Default suite -->
</testng-results>
